[2025-05-06 05:41:23] [1] [INFO] 
============= Basic configuration =============
env=DEMO
=========== Encryptor configuration ===========
crypto_key_value=*****
=========== WebDriver configuration ===========
url=https://www.automationexercise.com/
selenium_url=http://192.168.1.108:4444
auto_screenshot=true
localization_encoding=UTF-8
language=en_US
-------------- Driver capabilities ------------
browserName=chrome
===============================================

[2025-05-06 05:41:24] [1] [WARN] Reporting disabled: using no op test run registrar
[2025-05-06 05:41:26] [1] [INFO] [TestNG] Running:
  C:\Users\paula\AppData\Local\JetBrains\IdeaIC2024.3\temp-testng-customsuite.xml

[2025-05-06 05:41:26] [1] [INFO] Set thread-count=1
[2025-05-06 05:41:27] [1] [INFO] Set data-provider-thread-count=1
[2025-05-06 05:41:27] [1] [INFO] CARINA_CORE_VERSION: 1.1.3
[2025-05-06 05:41:27] [1] [ERROR] TEST [CarinaProject - staticParamTest] FAILED at [19:41:27 2025-05-06] - java.lang.RuntimeException: Cant find parameter expectedValue in suite

org.testng.internal.invokers.MethodInvocationHelper.invokeMethodNoCheckedException(MethodInvocationHelper.java:57)
org.testng.internal.invokers.MethodInvocationHelper.invokeDataProvider(MethodInvocationHelper.java:157)
org.testng.internal.Parameters.handleParameters(Parameters.java:803)
org.testng.internal.Parameters.handleParameters(Parameters.java:728)
org.testng.internal.invokers.ParameterHandler.handleParameters(ParameterHandler.java:72)
org.testng.internal.invokers.ParameterHandler.createParameters(ParameterHandler.java:51)
org.testng.internal.invokers.TestInvoker$MethodInvocationAgent.invoke(TestInvoker.java:924)
org.testng.internal.invokers.TestInvoker.invokeTestMethods(TestInvoker.java:194)
org.testng.internal.invokers.TestMethodWorker.invokeTestMethods(TestMethodWorker.java:148)
org.testng.internal.invokers.TestMethodWorker.run(TestMethodWorker.java:128)
java.base/java.util.ArrayList.forEach(ArrayList.java:1596)
org.testng.TestRunner.privateRun(TestRunner.java:829)
org.testng.TestRunner.run(TestRunner.java:602)
org.testng.SuiteRunner.runTest(SuiteRunner.java:437)
org.testng.SuiteRunner.runSequentially(SuiteRunner.java:431)
org.testng.SuiteRunner.privateRun(SuiteRunner.java:391)
org.testng.SuiteRunner.run(SuiteRunner.java:330)
org.testng.SuiteRunnerWorker.runSuite(SuiteRunnerWorker.java:52)
org.testng.SuiteRunnerWorker.run(SuiteRunnerWorker.java:95)
org.testng.TestNG.runSuitesSequentially(TestNG.java:1256)
org.testng.TestNG.runSuitesLocally(TestNG.java:1176)
org.testng.TestNG.runSuites(TestNG.java:1099)
org.testng.TestNG.run(TestNG.java:1067)
com.intellij.rt.testng.IDEARemoteTestNG.run(IDEARemoteTestNG.java:65)
com.intellij.rt.testng.RemoteTestNGStarter.main(RemoteTestNGStarter.java:105)
[2025-05-06 05:41:27] [1] [INFO] INFO: '**************** Test execution summary ****************'.
[2025-05-06 05:41:27] [1] [INFO] RESULT #1: TEST [CarinaProject - staticParamTest] FAIL [log=file://D:\intellideaProjects\CarinaProject\CarinaProject\.\reports\1746553283915/1746553283915/test.log]
